0 info it worked if it ends with ok
1 verbose cli [ '/usr/bin/node', '/usr/bin/npm', 'run', 'build' ]
2 info using npm@3.5.2
3 info using node@v8.10.0
4 verbose run-script [ 'prebuild', 'build', 'postbuild' ]
5 info lifecycle shopping-list-starter@1.0.0~prebuild: shopping-list-starter@1.0.0
6 silly lifecycle shopping-list-starter@1.0.0~prebuild: no script for prebuild, continuing
7 info lifecycle shopping-list-starter@1.0.0~build: shopping-list-starter@1.0.0
8 verbose lifecycle shopping-list-starter@1.0.0~build: unsafe-perm in lifecycle true
9 verbose lifecycle shopping-list-starter@1.0.0~build: PATH: /usr/share/npm/bin/node-gyp-bin:/home/mikirsch/thinkful/projects/api-day-jonny-michael/node_modules/.bin:/home/mikirsch/bin:/usr/local/bin:/usr/local/sbin:/usr/local/bin:/usr/sbin:/usr/bin:/sbin:/bin:/usr/games:/usr/local/games:/mnt/c/Program Files (x86)/Common Files/Oracle/Java/javapath:/mnt/c/Program Files/ImageMagick-7.0.8-Q16:/mnt/c/Program Files/Haskell/bin:/mnt/c/Program Files/Haskell Platform/8.0.2/lib/extralibs/bin:/mnt/c/Program Files/Haskell Platform/8.0.2/bin:/mnt/c/programdata/oracle/java/javapath:/mnt/c/windows/system32:/mnt/c/windows:/mnt/c/windows/system32/wbem:/mnt/c/windows/system32/windowspowershell/v1.0/:/mnt/c/anaconda3:/mnt/c/anaconda3/scripts:/mnt/c/anaconda3/library/bin:/mnt/c/Program Files (x86)/NVIDIA Corporation/PhysX/Common:/mnt/c/Program Files/MiKTeX 2.9/miktex/bin/x64/:/mnt/c/WINDOWS/system32:/mnt/c/WINDOWS:/mnt/c/WINDOWS/System32/Wbem:/mnt/c/WINDOWS/System32/WindowsPowerShell/v1.0/:/mnt/c/Program Files/Intel/WiFi/bin/:/mnt/c/Program Files/Common Files/Intel/WirelessCommon/:/mnt/c/Program Files (x86)/PuTTY/:/mnt/c/Program Files/Git/cmd:/mnt/c/Program Files/Haskell Platform/8.0.2/mingw/bin:/mnt/c/WINDOWS/System32/OpenSSH/:/mnt/c/Program Files/nodejs/:/mnt/c/Users/micha/AppData/Roaming/cabal/bin:/mnt/c/Users/micha/AppData/Roaming/local/bin:/mnt/c/Program Files/Java/jdk1.8.0_66/bin:/mnt/c/Program Files/Intel/WiFi/bin/:/mnt/c/Program Files/Common Files/Intel/WirelessCommon/:/mnt/c/Users/micha/AppData/Local/Microsoft/WindowsApps:/mnt/c/Program Files/smartmontools/bin:/mnt/c/Users/micha/AppData/Local/Programs/Microsoft VS Code/bin:/mnt/c/Users/micha/.babun:/mnt/c/Users/micha/AppData/Roaming/npm:/mnt/c/WINDOWS
10 verbose lifecycle shopping-list-starter@1.0.0~build: CWD: /home/mikirsch/thinkful/projects/api-day-jonny-michael
11 silly lifecycle shopping-list-starter@1.0.0~build: Args: [ '-c', 'webpack --mode production' ]
12 silly lifecycle shopping-list-starter@1.0.0~build: Returned: code: 2  signal: null
13 info lifecycle shopping-list-starter@1.0.0~build: Failed to exec build script
14 verbose stack Error: shopping-list-starter@1.0.0 build: `webpack --mode production`
14 verbose stack Exit status 2
14 verbose stack     at EventEmitter.<anonymous> (/usr/share/npm/lib/utils/lifecycle.js:232:16)
14 verbose stack     at emitTwo (events.js:126:13)
14 verbose stack     at EventEmitter.emit (events.js:214:7)
14 verbose stack     at ChildProcess.<anonymous> (/usr/share/npm/lib/utils/spawn.js:24:14)
14 verbose stack     at emitTwo (events.js:126:13)
14 verbose stack     at ChildProcess.emit (events.js:214:7)
14 verbose stack     at maybeClose (internal/child_process.js:925:16)
14 verbose stack     at Process.ChildProcess._handle.onexit (internal/child_process.js:209:5)
15 verbose pkgid shopping-list-starter@1.0.0
16 verbose cwd /home/mikirsch/thinkful/projects/api-day-jonny-michael
17 error Linux 4.4.0-18362-Microsoft
18 error argv "/usr/bin/node" "/usr/bin/npm" "run" "build"
19 error node v8.10.0
20 error npm  v3.5.2
21 error code ELIFECYCLE
22 error shopping-list-starter@1.0.0 build: `webpack --mode production`
22 error Exit status 2
23 error Failed at the shopping-list-starter@1.0.0 build script 'webpack --mode production'.
23 error Make sure you have the latest version of node.js and npm installed.
23 error If you do, this is most likely a problem with the shopping-list-starter package,
23 error not with npm itself.
23 error Tell the author that this fails on your system:
23 error     webpack --mode production
23 error You can get information on how to open an issue for this project with:
23 error     npm bugs shopping-list-starter
23 error Or if that isn't available, you can get their info via:
23 error     npm owner ls shopping-list-starter
23 error There is likely additional logging output above.
24 verbose exit [ 1, true ]
